2026-06-13 07:34:22 [ERROR]: Redis error: 
AggregateError
    at internalConnectMultiple (node:net:1134:18)
    at afterConnectMultiple (node:net:1715:7) {"code":"ECONNREFUSED"}
2026-06-13 07:34:22 [ERROR]: Redis error: 
AggregateError
    at internalConnectMultiple (node:net:1134:18)
    at afterConnectMultiple (node:net:1715:7) {"code":"ECONNREFUSED"}
2026-06-13 07:34:22 [ERROR]: Redis error: 
AggregateError
    at internalConnectMultiple (node:net:1134:18)
    at afterConnectMultiple (node:net:1715:7) {"code":"ECONNREFUSED"}
2026-06-13 07:34:22 [ERROR]: Redis error: 
AggregateError
    at internalConnectMultiple (node:net:1134:18)
    at afterConnectMultiple (node:net:1715:7) {"code":"ECONNREFUSED"}
2026-06-13 07:34:22 [ERROR]: Redis error: 
AggregateError
    at internalConnectMultiple (node:net:1134:18)
    at afterConnectMultiple (node:net:1715:7) {"code":"ECONNREFUSED"}
2026-06-13 07:34:23 [ERROR]: Redis error: 
AggregateError
    at internalConnectMultiple (node:net:1134:18)
    at afterConnectMultiple (node:net:1715:7) {"code":"ECONNREFUSED"}
2026-06-13 07:34:23 [ERROR]: Redis error: 
AggregateError
    at internalConnectMultiple (node:net:1134:18)
    at afterConnectMultiple (node:net:1715:7) {"code":"ECONNREFUSED"}
2026-06-13 07:34:24 [ERROR]: Redis error: 
AggregateError
    at internalConnectMultiple (node:net:1134:18)
    at afterConnectMultiple (node:net:1715:7) {"code":"ECONNREFUSED"}
2026-06-13 07:34:25 [ERROR]: Redis error: 
AggregateError
    at internalConnectMultiple (node:net:1134:18)
    at afterConnectMultiple (node:net:1715:7) {"code":"ECONNREFUSED"}
2026-06-13 07:34:25 [ERROR]: Redis error: 
AggregateError
    at internalConnectMultiple (node:net:1134:18)
    at afterConnectMultiple (node:net:1715:7) {"code":"ECONNREFUSED"}
2026-06-13 07:34:26 [ERROR]: Redis error: 
AggregateError
    at internalConnectMultiple (node:net:1134:18)
    at afterConnectMultiple (node:net:1715:7) {"code":"ECONNREFUSED"}
2026-06-13 07:34:27 [ERROR]: Redis max reconnection attempts reached  
2026-06-13 07:37:35 [ERROR]: Error: Not Found - /favicon.ico  
2026-06-13 07:37:35 [ERROR]: Error: Not Found - /favicon.ico
    at notFound (C:\Users\ARYAN\.vscode\PaisaVedh\backend\src\middleware\error.middleware.ts:55:17)
    at Layer.handle [as handle_request] (C:\Users\ARYAN\.vscode\PaisaVedh\backend\node_modules\express\lib\router\layer.js:95:5)
    at trim_prefix (C:\Users\ARYAN\.vscode\PaisaVedh\backend\node_modules\express\lib\router\index.js:328:13)
    at C:\Users\ARYAN\.vscode\PaisaVedh\backend\node_modules\express\lib\router\index.js:286:9
    at Function.process_params (C:\Users\ARYAN\.vscode\PaisaVedh\backend\node_modules\express\lib\router\index.js:346:12)
    at next (C:\Users\ARYAN\.vscode\PaisaVedh\backend\node_modules\express\lib\router\index.js:280:10)
    at urlencodedParser (C:\Users\ARYAN\.vscode\PaisaVedh\backend\node_modules\body-parser\lib\types\urlencoded.js:91:7)
    at Layer.handle [as handle_request] (C:\Users\ARYAN\.vscode\PaisaVedh\backend\node_modules\express\lib\router\layer.js:95:5)
    at trim_prefix (C:\Users\ARYAN\.vscode\PaisaVedh\backend\node_modules\express\lib\router\index.js:328:13)
    at C:\Users\ARYAN\.vscode\PaisaVedh\backend\node_modules\express\lib\router\index.js:286:9  
2026-06-13 07:42:49 [ERROR]: Error: Not Found - /favicon.ico  
2026-06-13 07:42:49 [ERROR]: Error: Not Found - /favicon.ico
    at notFound (C:\Users\ARYAN\.vscode\PaisaVedh\backend\src\middleware\error.middleware.ts:55:17)
    at Layer.handle [as handle_request] (C:\Users\ARYAN\.vscode\PaisaVedh\backend\node_modules\express\lib\router\layer.js:95:5)
    at trim_prefix (C:\Users\ARYAN\.vscode\PaisaVedh\backend\node_modules\express\lib\router\index.js:328:13)
    at C:\Users\ARYAN\.vscode\PaisaVedh\backend\node_modules\express\lib\router\index.js:286:9
    at Function.process_params (C:\Users\ARYAN\.vscode\PaisaVedh\backend\node_modules\express\lib\router\index.js:346:12)
    at next (C:\Users\ARYAN\.vscode\PaisaVedh\backend\node_modules\express\lib\router\index.js:280:10)
    at urlencodedParser (C:\Users\ARYAN\.vscode\PaisaVedh\backend\node_modules\body-parser\lib\types\urlencoded.js:91:7)
    at Layer.handle [as handle_request] (C:\Users\ARYAN\.vscode\PaisaVedh\backend\node_modules\express\lib\router\layer.js:95:5)
    at trim_prefix (C:\Users\ARYAN\.vscode\PaisaVedh\backend\node_modules\express\lib\router\index.js:328:13)
    at C:\Users\ARYAN\.vscode\PaisaVedh\backend\node_modules\express\lib\router\index.js:286:9  
2026-06-13 07:44:38 [ERROR]: Error: Not Found - /api/auth/login  
2026-06-13 07:44:38 [ERROR]: Error: Not Found - /api/auth/login
    at notFound (C:\Users\ARYAN\.vscode\PaisaVedh\backend\src\middleware\error.middleware.ts:55:17)
    at Layer.handle [as handle_request] (C:\Users\ARYAN\.vscode\PaisaVedh\backend\node_modules\express\lib\router\layer.js:95:5)
    at trim_prefix (C:\Users\ARYAN\.vscode\PaisaVedh\backend\node_modules\express\lib\router\index.js:328:13)
    at C:\Users\ARYAN\.vscode\PaisaVedh\backend\node_modules\express\lib\router\index.js:286:9
    at Function.process_params (C:\Users\ARYAN\.vscode\PaisaVedh\backend\node_modules\express\lib\router\index.js:346:12)
    at next (C:\Users\ARYAN\.vscode\PaisaVedh\backend\node_modules\express\lib\router\index.js:280:10)
    at C:\Users\ARYAN\.vscode\PaisaVedh\backend\node_modules\express-rate-limit\dist\index.cjs:807:7
    at processTicksAndRejections (node:internal/process/task_queues:105:5)
    at async C:\Users\ARYAN\.vscode\PaisaVedh\backend\node_modules\express-rate-limit\dist\index.cjs:691:5  
2026-06-13 16:39:40 [ERROR]: Create budget error: E11000 duplicate key error collection: test.budgets index: userId_1_category_1_month_1_year_1 dup key: { userId: ObjectId('6a2cc9814449d693473ae8d8'), category: "Food & Dining", month: 5, year: 2026 } 
MongoServerError: E11000 duplicate key error collection: test.budgets index: userId_1_category_1_month_1_year_1 dup key: { userId: ObjectId('6a2cc9814449d693473ae8d8'), category: "Food & Dining", month: 5, year: 2026 }
    at InsertOneOperation.handleOk (C:\Users\ARYAN\.vscode\PaisaVedh\backend\node_modules\mongodb\src\operations\insert.ts:79:13)
    at tryOperation (C:\Users\ARYAN\.vscode\PaisaVedh\backend\node_modules\mongodb\src\operations\execute_operation.ts:290:26)
    at processTicksAndRejections (node:internal/process/task_queues:105:5)
    at async executeOperation (C:\Users\ARYAN\.vscode\PaisaVedh\backend\node_modules\mongodb\src\operations\execute_operation.ts:119:12)
    at async Collection.insertOne (C:\Users\ARYAN\.vscode\PaisaVedh\backend\node_modules\mongodb\src\collection.ts:294:12) {"errorLabelSet":{},"errorResponse":{"index":0,"code":11000,"errmsg":"E11000 duplicate key error collection: test.budgets index: userId_1_category_1_month_1_year_1 dup key: { userId: ObjectId('6a2cc9814449d693473ae8d8'), category: \"Food & Dining\", month: 5, year: 2026 }","keyPattern":{"userId":1,"category":1,"month":1,"year":1},"keyValue":{"userId":"6a2cc9814449d693473ae8d8","category":"Food & Dining","month":5,"year":2026}},"index":0,"code":11000,"keyPattern":{"userId":1,"category":1,"month":1,"year":1},"keyValue":{"userId":"6a2cc9814449d693473ae8d8","category":"Food & Dining","month":5,"year":2026}}
2026-06-13 16:39:42 [ERROR]: Create budget error: E11000 duplicate key error collection: test.budgets index: userId_1_category_1_month_1_year_1 dup key: { userId: ObjectId('6a2cc9814449d693473ae8d8'), category: "Food & Dining", month: 5, year: 2026 } 
MongoServerError: E11000 duplicate key error collection: test.budgets index: userId_1_category_1_month_1_year_1 dup key: { userId: ObjectId('6a2cc9814449d693473ae8d8'), category: "Food & Dining", month: 5, year: 2026 }
    at InsertOneOperation.handleOk (C:\Users\ARYAN\.vscode\PaisaVedh\backend\node_modules\mongodb\src\operations\insert.ts:79:13)
    at tryOperation (C:\Users\ARYAN\.vscode\PaisaVedh\backend\node_modules\mongodb\src\operations\execute_operation.ts:290:26)
    at processTicksAndRejections (node:internal/process/task_queues:105:5)
    at async executeOperation (C:\Users\ARYAN\.vscode\PaisaVedh\backend\node_modules\mongodb\src\operations\execute_operation.ts:119:12)
    at async Collection.insertOne (C:\Users\ARYAN\.vscode\PaisaVedh\backend\node_modules\mongodb\src\collection.ts:294:12) {"errorLabelSet":{},"errorResponse":{"index":0,"code":11000,"errmsg":"E11000 duplicate key error collection: test.budgets index: userId_1_category_1_month_1_year_1 dup key: { userId: ObjectId('6a2cc9814449d693473ae8d8'), category: \"Food & Dining\", month: 5, year: 2026 }","keyPattern":{"userId":1,"category":1,"month":1,"year":1},"keyValue":{"userId":"6a2cc9814449d693473ae8d8","category":"Food & Dining","month":5,"year":2026}},"index":0,"code":11000,"keyPattern":{"userId":1,"category":1,"month":1,"year":1},"keyValue":{"userId":"6a2cc9814449d693473ae8d8","category":"Food & Dining","month":5,"year":2026}}
2026-06-13 16:40:12 [ERROR]: Create budget error: E11000 duplicate key error collection: test.budgets index: userId_1_category_1_month_1_year_1 dup key: { userId: ObjectId('6a2cc9814449d693473ae8d8'), category: "Food & Dining", month: 5, year: 2026 } 
MongoServerError: E11000 duplicate key error collection: test.budgets index: userId_1_category_1_month_1_year_1 dup key: { userId: ObjectId('6a2cc9814449d693473ae8d8'), category: "Food & Dining", month: 5, year: 2026 }
    at InsertOneOperation.handleOk (C:\Users\ARYAN\.vscode\PaisaVedh\backend\node_modules\mongodb\src\operations\insert.ts:79:13)
    at tryOperation (C:\Users\ARYAN\.vscode\PaisaVedh\backend\node_modules\mongodb\src\operations\execute_operation.ts:290:26)
    at processTicksAndRejections (node:internal/process/task_queues:105:5)
    at async executeOperation (C:\Users\ARYAN\.vscode\PaisaVedh\backend\node_modules\mongodb\src\operations\execute_operation.ts:119:12)
    at async Collection.insertOne (C:\Users\ARYAN\.vscode\PaisaVedh\backend\node_modules\mongodb\src\collection.ts:294:12) {"errorLabelSet":{},"errorResponse":{"index":0,"code":11000,"errmsg":"E11000 duplicate key error collection: test.budgets index: userId_1_category_1_month_1_year_1 dup key: { userId: ObjectId('6a2cc9814449d693473ae8d8'), category: \"Food & Dining\", month: 5, year: 2026 }","keyPattern":{"userId":1,"category":1,"month":1,"year":1},"keyValue":{"userId":"6a2cc9814449d693473ae8d8","category":"Food & Dining","month":5,"year":2026}},"index":0,"code":11000,"keyPattern":{"userId":1,"category":1,"month":1,"year":1},"keyValue":{"userId":"6a2cc9814449d693473ae8d8","category":"Food & Dining","month":5,"year":2026}}
2026-06-13 16:42:19 [ERROR]: Create budget error: E11000 duplicate key error collection: test.budgets index: userId_1_category_1_month_1_year_1 dup key: { userId: ObjectId('6a2cc9814449d693473ae8d8'), category: "Food & Dining", month: 5, year: 2026 } 
MongoServerError: E11000 duplicate key error collection: test.budgets index: userId_1_category_1_month_1_year_1 dup key: { userId: ObjectId('6a2cc9814449d693473ae8d8'), category: "Food & Dining", month: 5, year: 2026 }
    at InsertOneOperation.handleOk (C:\Users\ARYAN\.vscode\PaisaVedh\backend\node_modules\mongodb\src\operations\insert.ts:79:13)
    at tryOperation (C:\Users\ARYAN\.vscode\PaisaVedh\backend\node_modules\mongodb\src\operations\execute_operation.ts:290:26)
    at processTicksAndRejections (node:internal/process/task_queues:105:5)
    at async executeOperation (C:\Users\ARYAN\.vscode\PaisaVedh\backend\node_modules\mongodb\src\operations\execute_operation.ts:119:12)
    at async Collection.insertOne (C:\Users\ARYAN\.vscode\PaisaVedh\backend\node_modules\mongodb\src\collection.ts:294:12) {"errorLabelSet":{},"errorResponse":{"index":0,"code":11000,"errmsg":"E11000 duplicate key error collection: test.budgets index: userId_1_category_1_month_1_year_1 dup key: { userId: ObjectId('6a2cc9814449d693473ae8d8'), category: \"Food & Dining\", month: 5, year: 2026 }","keyPattern":{"userId":1,"category":1,"month":1,"year":1},"keyValue":{"userId":"6a2cc9814449d693473ae8d8","category":"Food & Dining","month":5,"year":2026}},"index":0,"code":11000,"keyPattern":{"userId":1,"category":1,"month":1,"year":1},"keyValue":{"userId":"6a2cc9814449d693473ae8d8","category":"Food & Dining","month":5,"year":2026}}
2026-06-13 16:45:46 [ERROR]: Create budget error: E11000 duplicate key error collection: test.budgets index: userId_1_category_1_month_1_year_1 dup key: { userId: ObjectId('6a2cc9814449d693473ae8d8'), category: "Food & Dining", month: 5, year: 2026 } 
MongoServerError: E11000 duplicate key error collection: test.budgets index: userId_1_category_1_month_1_year_1 dup key: { userId: ObjectId('6a2cc9814449d693473ae8d8'), category: "Food & Dining", month: 5, year: 2026 }
    at InsertOneOperation.handleOk (C:\Users\ARYAN\.vscode\PaisaVedh\backend\node_modules\mongodb\src\operations\insert.ts:79:13)
    at tryOperation (C:\Users\ARYAN\.vscode\PaisaVedh\backend\node_modules\mongodb\src\operations\execute_operation.ts:290:26)
    at processTicksAndRejections (node:internal/process/task_queues:105:5)
    at async executeOperation (C:\Users\ARYAN\.vscode\PaisaVedh\backend\node_modules\mongodb\src\operations\execute_operation.ts:119:12)
    at async Collection.insertOne (C:\Users\ARYAN\.vscode\PaisaVedh\backend\node_modules\mongodb\src\collection.ts:294:12) {"errorLabelSet":{},"errorResponse":{"index":0,"code":11000,"errmsg":"E11000 duplicate key error collection: test.budgets index: userId_1_category_1_month_1_year_1 dup key: { userId: ObjectId('6a2cc9814449d693473ae8d8'), category: \"Food & Dining\", month: 5, year: 2026 }","keyPattern":{"userId":1,"category":1,"month":1,"year":1},"keyValue":{"userId":"6a2cc9814449d693473ae8d8","category":"Food & Dining","month":5,"year":2026}},"index":0,"code":11000,"keyPattern":{"userId":1,"category":1,"month":1,"year":1},"keyValue":{"userId":"6a2cc9814449d693473ae8d8","category":"Food & Dining","month":5,"year":2026}}
2026-06-13 16:49:49 [ERROR]: Create budget error: E11000 duplicate key error collection: test.budgets index: userId_1_category_1_month_1_year_1 dup key: { userId: ObjectId('6a2cc9814449d693473ae8d8'), category: "Food & Dining", month: 5, year: 2026 } 
MongoServerError: E11000 duplicate key error collection: test.budgets index: userId_1_category_1_month_1_year_1 dup key: { userId: ObjectId('6a2cc9814449d693473ae8d8'), category: "Food & Dining", month: 5, year: 2026 }
    at InsertOneOperation.handleOk (C:\Users\ARYAN\.vscode\PaisaVedh\backend\node_modules\mongodb\src\operations\insert.ts:79:13)
    at tryOperation (C:\Users\ARYAN\.vscode\PaisaVedh\backend\node_modules\mongodb\src\operations\execute_operation.ts:290:26)
    at processTicksAndRejections (node:internal/process/task_queues:105:5)
    at async executeOperation (C:\Users\ARYAN\.vscode\PaisaVedh\backend\node_modules\mongodb\src\operations\execute_operation.ts:119:12)
    at async Collection.insertOne (C:\Users\ARYAN\.vscode\PaisaVedh\backend\node_modules\mongodb\src\collection.ts:294:12) {"errorLabelSet":{},"errorResponse":{"index":0,"code":11000,"errmsg":"E11000 duplicate key error collection: test.budgets index: userId_1_category_1_month_1_year_1 dup key: { userId: ObjectId('6a2cc9814449d693473ae8d8'), category: \"Food & Dining\", month: 5, year: 2026 }","keyPattern":{"userId":1,"category":1,"month":1,"year":1},"keyValue":{"userId":"6a2cc9814449d693473ae8d8","category":"Food & Dining","month":5,"year":2026}},"index":0,"code":11000,"keyPattern":{"userId":1,"category":1,"month":1,"year":1},"keyValue":{"userId":"6a2cc9814449d693473ae8d8","category":"Food & Dining","month":5,"year":2026}}
2026-06-13 17:06:00 [ERROR]: Create budget error: E11000 duplicate key error collection: test.budgets index: userId_1_category_1_month_1_year_1 dup key: { userId: ObjectId('6a2cc9814449d693473ae8d8'), category: "Shopping", month: 5, year: 2026 } 
MongoServerError: E11000 duplicate key error collection: test.budgets index: userId_1_category_1_month_1_year_1 dup key: { userId: ObjectId('6a2cc9814449d693473ae8d8'), category: "Shopping", month: 5, year: 2026 }
    at InsertOneOperation.handleOk (C:\Users\ARYAN\.vscode\PaisaVedh\backend\node_modules\mongodb\src\operations\insert.ts:79:13)
    at tryOperation (C:\Users\ARYAN\.vscode\PaisaVedh\backend\node_modules\mongodb\src\operations\execute_operation.ts:290:26)
    at processTicksAndRejections (node:internal/process/task_queues:105:5)
    at async executeOperation (C:\Users\ARYAN\.vscode\PaisaVedh\backend\node_modules\mongodb\src\operations\execute_operation.ts:119:12)
    at async Collection.insertOne (C:\Users\ARYAN\.vscode\PaisaVedh\backend\node_modules\mongodb\src\collection.ts:294:12) {"errorLabelSet":{},"errorResponse":{"index":0,"code":11000,"errmsg":"E11000 duplicate key error collection: test.budgets index: userId_1_category_1_month_1_year_1 dup key: { userId: ObjectId('6a2cc9814449d693473ae8d8'), category: \"Shopping\", month: 5, year: 2026 }","keyPattern":{"userId":1,"category":1,"month":1,"year":1},"keyValue":{"userId":"6a2cc9814449d693473ae8d8","category":"Shopping","month":5,"year":2026}},"index":0,"code":11000,"keyPattern":{"userId":1,"category":1,"month":1,"year":1},"keyValue":{"userId":"6a2cc9814449d693473ae8d8","category":"Shopping","month":5,"year":2026}}
2026-06-13 17:09:37 [ERROR]: Create budget error: E11000 duplicate key error collection: test.budgets index: userId_1_category_1_month_1_year_1 dup key: { userId: ObjectId('6a2cc9814449d693473ae8d8'), category: "Shopping", month: 5, year: 2026 } 
MongoServerError: E11000 duplicate key error collection: test.budgets index: userId_1_category_1_month_1_year_1 dup key: { userId: ObjectId('6a2cc9814449d693473ae8d8'), category: "Shopping", month: 5, year: 2026 }
    at InsertOneOperation.handleOk (C:\Users\ARYAN\.vscode\PaisaVedh\backend\node_modules\mongodb\src\operations\insert.ts:79:13)
    at tryOperation (C:\Users\ARYAN\.vscode\PaisaVedh\backend\node_modules\mongodb\src\operations\execute_operation.ts:290:26)
    at processTicksAndRejections (node:internal/process/task_queues:105:5)
    at async executeOperation (C:\Users\ARYAN\.vscode\PaisaVedh\backend\node_modules\mongodb\src\operations\execute_operation.ts:119:12)
    at async Collection.insertOne (C:\Users\ARYAN\.vscode\PaisaVedh\backend\node_modules\mongodb\src\collection.ts:294:12) {"errorLabelSet":{},"errorResponse":{"index":0,"code":11000,"errmsg":"E11000 duplicate key error collection: test.budgets index: userId_1_category_1_month_1_year_1 dup key: { userId: ObjectId('6a2cc9814449d693473ae8d8'), category: \"Shopping\", month: 5, year: 2026 }","keyPattern":{"userId":1,"category":1,"month":1,"year":1},"keyValue":{"userId":"6a2cc9814449d693473ae8d8","category":"Shopping","month":5,"year":2026}},"index":0,"code":11000,"keyPattern":{"userId":1,"category":1,"month":1,"year":1},"keyValue":{"userId":"6a2cc9814449d693473ae8d8","category":"Shopping","month":5,"year":2026}}
2026-06-13 17:14:34 [ERROR]: Create budget error: E11000 duplicate key error collection: test.budgets index: userId_1_category_1_month_1_year_1 dup key: { userId: ObjectId('6a2cc9814449d693473ae8d8'), category: "Food & Dining", month: 5, year: 2026 } 
MongoServerError: E11000 duplicate key error collection: test.budgets index: userId_1_category_1_month_1_year_1 dup key: { userId: ObjectId('6a2cc9814449d693473ae8d8'), category: "Food & Dining", month: 5, year: 2026 }
    at InsertOneOperation.handleOk (C:\Users\ARYAN\.vscode\PaisaVedh\backend\node_modules\mongodb\src\operations\insert.ts:79:13)
    at tryOperation (C:\Users\ARYAN\.vscode\PaisaVedh\backend\node_modules\mongodb\src\operations\execute_operation.ts:290:26)
    at processTicksAndRejections (node:internal/process/task_queues:105:5)
    at async executeOperation (C:\Users\ARYAN\.vscode\PaisaVedh\backend\node_modules\mongodb\src\operations\execute_operation.ts:119:12)
    at async Collection.insertOne (C:\Users\ARYAN\.vscode\PaisaVedh\backend\node_modules\mongodb\src\collection.ts:294:12) {"errorLabelSet":{},"errorResponse":{"index":0,"code":11000,"errmsg":"E11000 duplicate key error collection: test.budgets index: userId_1_category_1_month_1_year_1 dup key: { userId: ObjectId('6a2cc9814449d693473ae8d8'), category: \"Food & Dining\", month: 5, year: 2026 }","keyPattern":{"userId":1,"category":1,"month":1,"year":1},"keyValue":{"userId":"6a2cc9814449d693473ae8d8","category":"Food & Dining","month":5,"year":2026}},"index":0,"code":11000,"keyPattern":{"userId":1,"category":1,"month":1,"year":1},"keyValue":{"userId":"6a2cc9814449d693473ae8d8","category":"Food & Dining","month":5,"year":2026}}
2026-06-13 17:19:02 [ERROR]: Create budget error: Budget validation failed: category: `Food & Dining` is not a valid enum value for path `category`. 
ValidationError: Budget validation failed: category: `Food & Dining` is not a valid enum value for path `category`.
    at model.Document.invalidate (C:\Users\ARYAN\.vscode\PaisaVedh\backend\node_modules\mongoose\lib\document.js:3381:32)
    at C:\Users\ARYAN\.vscode\PaisaVedh\backend\node_modules\mongoose\lib\document.js:3142:17
    at C:\Users\ARYAN\.vscode\PaisaVedh\backend\node_modules\mongoose\lib\schemaType.js:1443:9
    at processTicksAndRejections (node:internal/process/task_queues:85:11) {"errors":{"category":{"name":"ValidatorError","message":"`Food & Dining` is not a valid enum value for path `category`.","properties":{"message":"`Food & Dining` is not a valid enum value for path `category`.","type":"enum","enumValues":["food","groceries","shopping","entertainment","transportation","utilities","healthcare","education","travel","rent","insurance","subscriptions","other"],"path":"category","value":"Food & Dining","length":13},"kind":"enum","path":"category","value":"Food & Dining"}},"_message":"Budget validation failed"}
